[debug] [2025-07-02T10:47:25.296Z] ----------------------------------------------------------------------
[debug] [2025-07-02T10:47:25.302Z] Command:       C:\Program Files\nodejs\node.exe C:\Users\Shree\AppData\Roaming\npm\node_modules\firebase-tools\lib\bin\firebase.js emulators:start --only functions
[debug] [2025-07-02T10:47:25.302Z] CLI Version:   14.9.0
[debug] [2025-07-02T10:47:25.303Z] Platform:      win32
[debug] [2025-07-02T10:47:25.303Z] Node Version:  v22.17.0
[debug] [2025-07-02T10:47:25.303Z] Time:          Wed Jul 02 2025 16:17:25 GMT+0530 (India Standard Time)
[debug] [2025-07-02T10:47:25.304Z] ----------------------------------------------------------------------
[debug] 
[debug] [2025-07-02T10:47:25.617Z] > command requires scopes: ["email","openid","https://www.googleapis.com/auth/cloudplatformprojects.readonly","https://www.googleapis.com/auth/firebase","https://www.googleapis.com/auth/cloud-platform"]
[debug] Failed to authenticate, have you run firebase login?
[warn] !  emulators: You are not currently authenticated so some features may not work correctly. Please run firebase login to authenticate the CLI. 
[info] i  emulators: Starting emulators: functions {"metadata":{"emulator":{"name":"hub"},"message":"Starting emulators: functions"}}
[warn] !  logging: Logging Emulator unable to start on port 4500, starting on 4501 instead. {"metadata":{"emulator":{"name":"logging"},"message":"Logging Emulator unable to start on port 4500, starting on 4501 instead."}}
[debug] [2025-07-02T10:47:25.746Z] [logging] Logging Emulator only supports listening on one address (127.0.0.1). Not listening on ::1
[debug] [2025-07-02T10:47:25.747Z] assigned listening specs for emulators {"user":{"hub":[{"address":"127.0.0.1","family":"IPv4","port":4400},{"address":"::1","family":"IPv6","port":4400}],"ui":[{"address":"127.0.0.1","family":"IPv4","port":4000},{"address":"::1","family":"IPv6","port":4000}],"logging":[{"address":"127.0.0.1","family":"IPv4","port":4501}]},"metadata":{"message":"assigned listening specs for emulators"}}
[debug] [2025-07-02T10:47:25.753Z] [hub] writing locator at C:\Users\Shree\AppData\Local\Temp\hub-your-firebase-project-id.json
[debug] [2025-07-02T10:47:25.771Z] [functions] Functions Emulator only supports listening on one address (127.0.0.1). Not listening on ::1
[debug] [2025-07-02T10:47:25.772Z] [eventarc] Eventarc Emulator only supports listening on one address (127.0.0.1). Not listening on ::1
[debug] [2025-07-02T10:47:25.772Z] [tasks] Cloud Tasks Emulator only supports listening on one address (127.0.0.1). Not listening on ::1
[debug] [2025-07-02T10:47:25.773Z] late-assigned ports for functions and eventarc emulators {"user":{"hub":[{"address":"127.0.0.1","family":"IPv4","port":4400},{"address":"::1","family":"IPv6","port":4400}],"ui":[{"address":"127.0.0.1","family":"IPv4","port":4000},{"address":"::1","family":"IPv6","port":4000}],"logging":[{"address":"127.0.0.1","family":"IPv4","port":4501}],"functions":[{"address":"127.0.0.1","family":"IPv4","port":5001}],"eventarc":[{"address":"127.0.0.1","family":"IPv4","port":9299}],"tasks":[{"address":"127.0.0.1","family":"IPv4","port":9499}]},"metadata":{"message":"late-assigned ports for functions and eventarc emulators"}}
[warn] !  functions: The following emulators are not running, calls to these services from the Functions emulator will affect production: apphosting, auth, firestore, database, hosting, pubsub, storage, dataconnect {"metadata":{"emulator":{"name":"functions"},"message":"The following emulators are not running, calls to these services from the Functions emulator will affect production: \u001b[1mapphosting, auth, firestore, database, hosting, pubsub, storage, dataconnect\u001b[22m"}}
[debug] [2025-07-02T10:47:25.778Z] No OAuth tokens found
[debug] [2025-07-02T10:47:25.778Z] No OAuth tokens found
[debug] [2025-07-02T10:47:25.778Z] > command requires scopes: ["email","openid","https://www.googleapis.com/auth/cloudplatformprojects.readonly","https://www.googleapis.com/auth/firebase","https://www.googleapis.com/auth/cloud-platform"]
[debug] [2025-07-02T10:47:25.779Z] Failed to get Admin SDK config for your-firebase-project-id, falling back to cache Failed to get Admin SDK for Firebase project your-firebase-project-id. Please make sure the project exists and your account has permission to access it. {"name":"FirebaseError","children":[],"exit":2,"message":"Failed to get Admin SDK for Firebase project your-firebase-project-id. Please make sure the project exists and your account has permission to access it.","original":{"name":"FirebaseError","children":[],"exit":1,"message":"Failed to authenticate, have you run \u001b[1mfirebase login\u001b[22m?","original":{},"status":500},"status":500}
[warn] !  functions: Unable to fetch project Admin SDK configuration, Admin SDK behavior in Cloud Functions emulator may be incorrect. {"metadata":{"emulator":{"name":"functions"},"message":"Unable to fetch project Admin SDK configuration, Admin SDK behavior in Cloud Functions emulator may be incorrect."}}
[info] i  ui: downloading ui-v1.15.0.zip... {"metadata":{"emulator":{"name":"ui"},"message":"downloading ui-v1.15.0.zip..."}}
[debug] [2025-07-02T10:47:25.809Z] >>> [apiv2][query] GET https://storage.googleapis.com/firebase-preview-drop/emulator/ui-v1.15.0.zip 
[debug] [2025-07-02T10:47:27.026Z] <<< [apiv2][status] GET https://storage.googleapis.com/firebase-preview-drop/emulator/ui-v1.15.0.zip 200
[debug] [2025-07-02T10:47:27.026Z] <<< [apiv2][body] GET https://storage.googleapis.com/firebase-preview-drop/emulator/ui-v1.15.0.zip [stream]
[debug] [2025-07-02T10:47:32.341Z] Data is 3538469
[debug] [2025-07-02T10:47:32.341Z] [unzip] Entry: client/ (compressed_size=0 bytes, uncompressed_size=0 bytes)
[debug] [2025-07-02T10:47:32.342Z] [unzip] Processing entry: client\
[debug] [2025-07-02T10:47:32.342Z] [unzip] mkdir: C:\Users\Shree\.cache\firebase\emulators\ui-v1.15.0\client\
[debug] [2025-07-02T10:47:32.346Z] [unzip] Entry: client/favicon-16x16.png (compressed_size=293 bytes, uncompressed_size=293 bytes)
[debug] [2025-07-02T10:47:32.346Z] [unzip] Processing entry: client\favicon-16x16.png
[debug] [2025-07-02T10:47:32.346Z] [unzip] else mkdir: C:\Users\Shree\.cache\firebase\emulators\ui-v1.15.0\client
[debug] [2025-07-02T10:47:32.348Z] [unzip] Writing file: C:\Users\Shree\.cache\firebase\emulators\ui-v1.15.0\client\favicon-16x16.png
[debug] [2025-07-02T10:47:32.352Z] [unzip] Entry: client/safari-pinned-tab.svg (compressed_size=1433 bytes, uncompressed_size=2611 bytes)
[debug] [2025-07-02T10:47:32.353Z] [unzip] Processing entry: client\safari-pinned-tab.svg
[debug] [2025-07-02T10:47:32.353Z] [unzip] else mkdir: C:\Users\Shree\.cache\firebase\emulators\ui-v1.15.0\client
[debug] [2025-07-02T10:47:32.355Z] [unzip] deflating: C:\Users\Shree\.cache\firebase\emulators\ui-v1.15.0\client\safari-pinned-tab.svg
[debug] [2025-07-02T10:47:32.372Z] [unzip] Entry: client/favicon.ico (compressed_size=2933 bytes, uncompressed_size=13294 bytes)
[debug] [2025-07-02T10:47:32.373Z] [unzip] Processing entry: client\favicon.ico
[debug] [2025-07-02T10:47:32.373Z] [unzip] else mkdir: C:\Users\Shree\.cache\firebase\emulators\ui-v1.15.0\client
[debug] [2025-07-02T10:47:32.374Z] [unzip] deflating: C:\Users\Shree\.cache\firebase\emulators\ui-v1.15.0\client\favicon.ico
[debug] [2025-07-02T10:47:32.382Z] [unzip] Entry: client/index.html (compressed_size=1364 bytes, uncompressed_size=3071 bytes)
[debug] [2025-07-02T10:47:32.383Z] [unzip] Processing entry: client\index.html
[debug] [2025-07-02T10:47:32.383Z] [unzip] else mkdir: C:\Users\Shree\.cache\firebase\emulators\ui-v1.15.0\client
[debug] [2025-07-02T10:47:32.384Z] [unzip] deflating: C:\Users\Shree\.cache\firebase\emulators\ui-v1.15.0\client\index.html
[debug] [2025-07-02T10:47:32.409Z] [unzip] Entry: client/android-chrome-192x192.png (compressed_size=2684 bytes, uncompressed_size=2684 bytes)
[debug] [2025-07-02T10:47:32.410Z] [unzip] Processing entry: client\android-chrome-192x192.png
[debug] [2025-07-02T10:47:32.410Z] [unzip] else mkdir: C:\Users\Shree\.cache\firebase\emulators\ui-v1.15.0\client
[debug] [2025-07-02T10:47:32.412Z] [unzip] Writing file: C:\Users\Shree\.cache\firebase\emulators\ui-v1.15.0\client\android-chrome-192x192.png
[debug] [2025-07-02T10:47:32.415Z] [unzip] Entry: client/apple-touch-icon.png (compressed_size=2123 bytes, uncompressed_size=2152 bytes)
[debug] [2025-07-02T10:47:32.416Z] [unzip] Processing entry: client\apple-touch-icon.png
[debug] [2025-07-02T10:47:32.416Z] [unzip] else mkdir: C:\Users\Shree\.cache\firebase\emulators\ui-v1.15.0\client
[debug] [2025-07-02T10:47:32.417Z] [unzip] deflating: C:\Users\Shree\.cache\firebase\emulators\ui-v1.15.0\client\apple-touch-icon.png
[debug] [2025-07-02T10:47:32.424Z] [unzip] Entry: client/android-chrome-512x512.png (compressed_size=5369 bytes, uncompressed_size=5411 bytes)
[debug] [2025-07-02T10:47:32.424Z] [unzip] Processing entry: client\android-chrome-512x512.png
[debug] [2025-07-02T10:47:32.424Z] [unzip] else mkdir: C:\Users\Shree\.cache\firebase\emulators\ui-v1.15.0\client
[debug] [2025-07-02T10:47:32.426Z] [unzip] deflating: C:\Users\Shree\.cache\firebase\emulators\ui-v1.15.0\client\android-chrome-512x512.png
[debug] [2025-07-02T10:47:32.432Z] [unzip] Entry: client/manifest.json (compressed_size=245 bytes, uncompressed_size=551 bytes)
[debug] [2025-07-02T10:47:32.432Z] [unzip] Processing entry: client\manifest.json
[debug] [2025-07-02T10:47:32.432Z] [unzip] else mkdir: C:\Users\Shree\.cache\firebase\emulators\ui-v1.15.0\client
[debug] [2025-07-02T10:47:32.434Z] [unzip] deflating: C:\Users\Shree\.cache\firebase\emulators\ui-v1.15.0\client\manifest.json
[debug] [2025-07-02T10:47:32.440Z] [unzip] Entry: client/robots.txt (compressed_size=26 bytes, uncompressed_size=26 bytes)
[debug] [2025-07-02T10:47:32.440Z] [unzip] Processing entry: client\robots.txt
[debug] [2025-07-02T10:47:32.441Z] [unzip] else mkdir: C:\Users\Shree\.cache\firebase\emulators\ui-v1.15.0\client
[debug] [2025-07-02T10:47:32.442Z] [unzip] Writing file: C:\Users\Shree\.cache\firebase\emulators\ui-v1.15.0\client\robots.txt
[debug] [2025-07-02T10:47:32.445Z] [unzip] Entry: client/mstile-150x150.png (compressed_size=2034 bytes, uncompressed_size=2034 bytes)
[debug] [2025-07-02T10:47:32.446Z] [unzip] Processing entry: client\mstile-150x150.png
[debug] [2025-07-02T10:47:32.446Z] [unzip] else mkdir: C:\Users\Shree\.cache\firebase\emulators\ui-v1.15.0\client
[debug] [2025-07-02T10:47:32.447Z] [unzip] Writing file: C:\Users\Shree\.cache\firebase\emulators\ui-v1.15.0\client\mstile-150x150.png
[debug] [2025-07-02T10:47:32.451Z] [unzip] Entry: client/assets/ (compressed_size=0 bytes, uncompressed_size=0 bytes)
[debug] [2025-07-02T10:47:32.451Z] [unzip] Processing entry: client\assets\
[debug] [2025-07-02T10:47:32.451Z] [unzip] mkdir: C:\Users\Shree\.cache\firebase\emulators\ui-v1.15.0\client\assets\
[debug] [2025-07-02T10:47:32.453Z] [unzip] Entry: client/assets/index-BX-A56oj.js (compressed_size=582089 bytes, uncompressed_size=2092775 bytes)
[debug] [2025-07-02T10:47:32.454Z] [unzip] Processing entry: client\assets\index-BX-A56oj.js
[debug] [2025-07-02T10:47:32.454Z] [unzip] else mkdir: C:\Users\Shree\.cache\firebase\emulators\ui-v1.15.0\client\assets
[debug] [2025-07-02T10:47:32.455Z] [unzip] deflating: C:\Users\Shree\.cache\firebase\emulators\ui-v1.15.0\client\assets\index-BX-A56oj.js
[debug] [2025-07-02T10:47:32.533Z] [unzip] Entry: client/assets/index-CjB9C900.css (compressed_size=35979 bytes, uncompressed_size=298654 bytes)
[debug] [2025-07-02T10:47:32.533Z] [unzip] Processing entry: client\assets\index-CjB9C900.css
[debug] [2025-07-02T10:47:32.534Z] [unzip] else mkdir: C:\Users\Shree\.cache\firebase\emulators\ui-v1.15.0\client\assets
[debug] [2025-07-02T10:47:32.534Z] [unzip] deflating: C:\Users\Shree\.cache\firebase\emulators\ui-v1.15.0\client\assets\index-CjB9C900.css
[debug] [2025-07-02T10:47:32.543Z] [unzip] Entry: client/assets/index-BX-A56oj.js.map (compressed_size=2362482 bytes, uncompressed_size=10036679 bytes)
[debug] [2025-07-02T10:47:32.543Z] [unzip] Processing entry: client\assets\index-BX-A56oj.js.map
[debug] [2025-07-02T10:47:32.543Z] [unzip] else mkdir: C:\Users\Shree\.cache\firebase\emulators\ui-v1.15.0\client\assets
[debug] [2025-07-02T10:47:32.544Z] [unzip] deflating: C:\Users\Shree\.cache\firebase\emulators\ui-v1.15.0\client\assets\index-BX-A56oj.js.map
[debug] [2025-07-02T10:47:32.691Z] [unzip] Entry: client/assets/extensions/ (compressed_size=0 bytes, uncompressed_size=0 bytes)
[debug] [2025-07-02T10:47:32.691Z] [unzip] Processing entry: client\assets\extensions\
[debug] [2025-07-02T10:47:32.691Z] [unzip] mkdir: C:\Users\Shree\.cache\firebase\emulators\ui-v1.15.0\client\assets\extensions\
[debug] [2025-07-02T10:47:32.692Z] [unzip] Entry: client/assets/extensions/default-extension.png (compressed_size=1646 bytes, uncompressed_size=1657 bytes)
[debug] [2025-07-02T10:47:32.692Z] [unzip] Processing entry: client\assets\extensions\default-extension.png
[debug] [2025-07-02T10:47:32.692Z] [unzip] else mkdir: C:\Users\Shree\.cache\firebase\emulators\ui-v1.15.0\client\assets\extensions
[debug] [2025-07-02T10:47:32.693Z] [unzip] deflating: C:\Users\Shree\.cache\firebase\emulators\ui-v1.15.0\client\assets\extensions\default-extension.png
[debug] [2025-07-02T10:47:32.695Z] [unzip] Entry: client/assets/img/ (compressed_size=0 bytes, uncompressed_size=0 bytes)
[debug] [2025-07-02T10:47:32.696Z] [unzip] Processing entry: client\assets\img\
[debug] [2025-07-02T10:47:32.696Z] [unzip] mkdir: C:\Users\Shree\.cache\firebase\emulators\ui-v1.15.0\client\assets\img\
[debug] [2025-07-02T10:47:32.697Z] [unzip] Entry: client/assets/img/database.png (compressed_size=29449 bytes, uncompressed_size=29988 bytes)
[debug] [2025-07-02T10:47:32.697Z] [unzip] Processing entry: client\assets\img\database.png
[debug] [2025-07-02T10:47:32.697Z] [unzip] else mkdir: C:\Users\Shree\.cache\firebase\emulators\ui-v1.15.0\client\assets\img
[debug] [2025-07-02T10:47:32.698Z] [unzip] deflating: C:\Users\Shree\.cache\firebase\emulators\ui-v1.15.0\client\assets\img\database.png
[debug] [2025-07-02T10:47:32.701Z] [unzip] Entry: client/assets/provider-icons/ (compressed_size=0 bytes, uncompressed_size=0 bytes)
[debug] [2025-07-02T10:47:32.701Z] [unzip] Processing entry: client\assets\provider-icons\
[debug] [2025-07-02T10:47:32.701Z] [unzip] mkdir: C:\Users\Shree\.cache\firebase\emulators\ui-v1.15.0\client\assets\provider-icons\
[debug] [2025-07-02T10:47:32.702Z] [unzip] Entry: client/assets/provider-icons/auth_service_saml.svg (compressed_size=575 bytes, uncompressed_size=1226 bytes)
[debug] [2025-07-02T10:47:32.702Z] [unzip] Processing entry: client\assets\provider-icons\auth_service_saml.svg
[debug] [2025-07-02T10:47:32.702Z] [unzip] else mkdir: C:\Users\Shree\.cache\firebase\emulators\ui-v1.15.0\client\assets\provider-icons
[debug] [2025-07-02T10:47:32.703Z] [unzip] deflating: C:\Users\Shree\.cache\firebase\emulators\ui-v1.15.0\client\assets\provider-icons\auth_service_saml.svg
[debug] [2025-07-02T10:47:32.706Z] [unzip] Entry: client/assets/provider-icons/auth_service_phone.svg (compressed_size=261 bytes, uncompressed_size=414 bytes)
[debug] [2025-07-02T10:47:32.706Z] [unzip] Processing entry: client\assets\provider-icons\auth_service_phone.svg
[debug] [2025-07-02T10:47:32.706Z] [unzip] else mkdir: C:\Users\Shree\.cache\firebase\emulators\ui-v1.15.0\client\assets\provider-icons
[debug] [2025-07-02T10:47:32.707Z] [unzip] deflating: C:\Users\Shree\.cache\firebase\emulators\ui-v1.15.0\client\assets\provider-icons\auth_service_phone.svg
[debug] [2025-07-02T10:47:32.710Z] [unzip] Entry: client/assets/provider-icons/auth_service_facebook.svg (compressed_size=289 bytes, uncompressed_size=457 bytes)
[debug] [2025-07-02T10:47:32.710Z] [unzip] Processing entry: client\assets\provider-icons\auth_service_facebook.svg
[debug] [2025-07-02T10:47:32.710Z] [unzip] else mkdir: C:\Users\Shree\.cache\firebase\emulators\ui-v1.15.0\client\assets\provider-icons
[debug] [2025-07-02T10:47:32.711Z] [unzip] deflating: C:\Users\Shree\.cache\firebase\emulators\ui-v1.15.0\client\assets\provider-icons\auth_service_facebook.svg
[debug] [2025-07-02T10:47:32.720Z] [unzip] Entry: client/assets/provider-icons/auth_service_game_center.svg (compressed_size=991 bytes, uncompressed_size=3921 bytes)
[debug] [2025-07-02T10:47:32.721Z] [unzip] Processing entry: client\assets\provider-icons\auth_service_game_center.svg
[debug] [2025-07-02T10:47:32.721Z] [unzip] else mkdir: C:\Users\Shree\.cache\firebase\emulators\ui-v1.15.0\client\assets\provider-icons
[debug] [2025-07-02T10:47:32.722Z] [unzip] deflating: C:\Users\Shree\.cache\firebase\emulators\ui-v1.15.0\client\assets\provider-icons\auth_service_game_center.svg
[debug] [2025-07-02T10:47:32.725Z] [unzip] Entry: client/assets/provider-icons/auth_service_apple.svg (compressed_size=230 bytes, uncompressed_size=334 bytes)
[debug] [2025-07-02T10:47:32.725Z] [unzip] Processing entry: client\assets\provider-icons\auth_service_apple.svg
[debug] [2025-07-02T10:47:32.725Z] [unzip] else mkdir: C:\Users\Shree\.cache\firebase\emulators\ui-v1.15.0\client\assets\provider-icons
[debug] [2025-07-02T10:47:32.726Z] [unzip] deflating: C:\Users\Shree\.cache\firebase\emulators\ui-v1.15.0\client\assets\provider-icons\auth_service_apple.svg
[debug] [2025-07-02T10:47:32.729Z] [unzip] Entry: client/assets/provider-icons/auth_service_github.svg (compressed_size=466 bytes, uncompressed_size=838 bytes)
[debug] [2025-07-02T10:47:32.729Z] [unzip] Processing entry: client\assets\provider-icons\auth_service_github.svg
[debug] [2025-07-02T10:47:32.729Z] [unzip] else mkdir: C:\Users\Shree\.cache\firebase\emulators\ui-v1.15.0\client\assets\provider-icons
[debug] [2025-07-02T10:47:32.730Z] [unzip] deflating: C:\Users\Shree\.cache\firebase\emulators\ui-v1.15.0\client\assets\provider-icons\auth_service_github.svg
[debug] [2025-07-02T10:47:32.734Z] [unzip] Entry: client/assets/provider-icons/auth_service_mslive.svg (compressed_size=203 bytes, uncompressed_size=378 bytes)
[debug] [2025-07-02T10:47:32.735Z] [unzip] Processing entry: client\assets\provider-icons\auth_service_mslive.svg
[debug] [2025-07-02T10:47:32.735Z] [unzip] else mkdir: C:\Users\Shree\.cache\firebase\emulators\ui-v1.15.0\client\assets\provider-icons
[debug] [2025-07-02T10:47:32.736Z] [unzip] deflating: C:\Users\Shree\.cache\firebase\emulators\ui-v1.15.0\client\assets\provider-icons\auth_service_mslive.svg
[debug] [2025-07-02T10:47:32.739Z] [unzip] Entry: client/assets/provider-icons/auth_service_yahoo.svg (compressed_size=577 bytes, uncompressed_size=1182 bytes)
[debug] [2025-07-02T10:47:32.739Z] [unzip] Processing entry: client\assets\provider-icons\auth_service_yahoo.svg
[debug] [2025-07-02T10:47:32.739Z] [unzip] else mkdir: C:\Users\Shree\.cache\firebase\emulators\ui-v1.15.0\client\assets\provider-icons
[debug] [2025-07-02T10:47:32.740Z] [unzip] deflating: C:\Users\Shree\.cache\firebase\emulators\ui-v1.15.0\client\assets\provider-icons\auth_service_yahoo.svg
[debug] [2025-07-02T10:47:32.743Z] [unzip] Entry: client/assets/provider-icons/auth_service_twitter.svg (compressed_size=444 bytes, uncompressed_size=751 bytes)
[debug] [2025-07-02T10:47:32.744Z] [unzip] Processing entry: client\assets\provider-icons\auth_service_twitter.svg
[debug] [2025-07-02T10:47:32.744Z] [unzip] else mkdir: C:\Users\Shree\.cache\firebase\emulators\ui-v1.15.0\client\assets\provider-icons
[debug] [2025-07-02T10:47:32.745Z] [unzip] deflating: C:\Users\Shree\.cache\firebase\emulators\ui-v1.15.0\client\assets\provider-icons\auth_service_twitter.svg
[debug] [2025-07-02T10:47:32.748Z] [unzip] Entry: client/assets/provider-icons/auth_service_play_games.svg (compressed_size=565 bytes, uncompressed_size=1173 bytes)
[debug] [2025-07-02T10:47:32.748Z] [unzip] Processing entry: client\assets\provider-icons\auth_service_play_games.svg
[debug] [2025-07-02T10:47:32.748Z] [unzip] else mkdir: C:\Users\Shree\.cache\firebase\emulators\ui-v1.15.0\client\assets\provider-icons
[debug] [2025-07-02T10:47:32.749Z] [unzip] deflating: C:\Users\Shree\.cache\firebase\emulators\ui-v1.15.0\client\assets\provider-icons\auth_service_play_games.svg
[debug] [2025-07-02T10:47:32.752Z] [unzip] Entry: client/assets/provider-icons/auth_service_email.svg (compressed_size=228 bytes, uncompressed_size=326 bytes)
[debug] [2025-07-02T10:47:32.753Z] [unzip] Processing entry: client\assets\provider-icons\auth_service_email.svg
[debug] [2025-07-02T10:47:32.753Z] [unzip] else mkdir: C:\Users\Shree\.cache\firebase\emulators\ui-v1.15.0\client\assets\provider-icons
[debug] [2025-07-02T10:47:32.754Z] [unzip] deflating: C:\Users\Shree\.cache\firebase\emulators\ui-v1.15.0\client\assets\provider-icons\auth_service_email.svg
[debug] [2025-07-02T10:47:32.757Z] [unzip] Entry: client/assets/provider-icons/auth_service_google.svg (compressed_size=409 bytes, uncompressed_size=720 bytes)
[debug] [2025-07-02T10:47:32.757Z] [unzip] Processing entry: client\assets\provider-icons\auth_service_google.svg
[debug] [2025-07-02T10:47:32.757Z] [unzip] else mkdir: C:\Users\Shree\.cache\firebase\emulators\ui-v1.15.0\client\assets\provider-icons
[debug] [2025-07-02T10:47:32.758Z] [unzip] deflating: C:\Users\Shree\.cache\firebase\emulators\ui-v1.15.0\client\assets\provider-icons\auth_service_google.svg
[debug] [2025-07-02T10:47:32.761Z] [unzip] Entry: client/assets/provider-icons/auth_service_oidc.svg (compressed_size=414 bytes, uncompressed_size=858 bytes)
[debug] [2025-07-02T10:47:32.761Z] [unzip] Processing entry: client\assets\provider-icons\auth_service_oidc.svg
[debug] [2025-07-02T10:47:32.761Z] [unzip] else mkdir: C:\Users\Shree\.cache\firebase\emulators\ui-v1.15.0\client\assets\provider-icons
[debug] [2025-07-02T10:47:32.762Z] [unzip] deflating: C:\Users\Shree\.cache\firebase\emulators\ui-v1.15.0\client\assets\provider-icons\auth_service_oidc.svg
[debug] [2025-07-02T10:47:32.765Z] [unzip] Entry: client/browserconfig.xml (compressed_size=491 bytes, uncompressed_size=822 bytes)
[debug] [2025-07-02T10:47:32.766Z] [unzip] Processing entry: client\browserconfig.xml
[debug] [2025-07-02T10:47:32.766Z] [unzip] else mkdir: C:\Users\Shree\.cache\firebase\emulators\ui-v1.15.0\client
[debug] [2025-07-02T10:47:32.767Z] [unzip] deflating: C:\Users\Shree\.cache\firebase\emulators\ui-v1.15.0\client\browserconfig.xml
[debug] [2025-07-02T10:47:32.769Z] [unzip] Entry: client/favicon-32x32.png (compressed_size=475 bytes, uncompressed_size=475 bytes)
[debug] [2025-07-02T10:47:32.770Z] [unzip] Processing entry: client\favicon-32x32.png
[debug] [2025-07-02T10:47:32.770Z] [unzip] else mkdir: C:\Users\Shree\.cache\firebase\emulators\ui-v1.15.0\client
[debug] [2025-07-02T10:47:32.771Z] [unzip] Writing file: C:\Users\Shree\.cache\firebase\emulators\ui-v1.15.0\client\favicon-32x32.png
[debug] [2025-07-02T10:47:32.772Z] [unzip] Entry: server/ (compressed_size=0 bytes, uncompressed_size=0 bytes)
[debug] [2025-07-02T10:47:32.773Z] [unzip] Processing entry: server\
[debug] [2025-07-02T10:47:32.773Z] [unzip] mkdir: C:\Users\Shree\.cache\firebase\emulators\ui-v1.15.0\server\
[debug] [2025-07-02T10:47:32.774Z] [unzip] Entry: server/server.mjs.map (compressed_size=217845 bytes, uncompressed_size=944978 bytes)
[debug] [2025-07-02T10:47:32.774Z] [unzip] Processing entry: server\server.mjs.map
[debug] [2025-07-02T10:47:32.774Z] [unzip] else mkdir: C:\Users\Shree\.cache\firebase\emulators\ui-v1.15.0\server
[debug] [2025-07-02T10:47:32.775Z] [unzip] deflating: C:\Users\Shree\.cache\firebase\emulators\ui-v1.15.0\server\server.mjs.map
[debug] [2025-07-02T10:47:32.796Z] [unzip] Entry: server/server.mjs (compressed_size=276407 bytes, uncompressed_size=933701 bytes)
[debug] [2025-07-02T10:47:32.796Z] [unzip] Processing entry: server\server.mjs
[debug] [2025-07-02T10:47:32.796Z] [unzip] else mkdir: C:\Users\Shree\.cache\firebase\emulators\ui-v1.15.0\server
[debug] [2025-07-02T10:47:32.797Z] [unzip] deflating: C:\Users\Shree\.cache\firebase\emulators\ui-v1.15.0\server\server.mjs
[info] i  functions: Watching "C:\Users\Shree\OneDrive\ドキュメント\GitHub\project-kisan\functions" for Cloud Functions... {"metadata":{"emulator":{"name":"functions"},"message":"Watching \"C:\\Users\\Shree\\OneDrive\\ドキュメント\\GitHub\\project-kisan\\functions\" for Cloud Functions..."}}
[debug] [2025-07-02T10:47:32.835Z] Validating nodejs source
[warn] !  functions: package.json indicates an outdated version of firebase-functions. Please upgrade using npm install --save firebase-functions@latest in your functions directory. 
[warn] !  functions: Please note that there will be breaking changes when you upgrade. 
[debug] [2025-07-02T10:47:34.468Z] > [functions] package.json contents: {
  "name": "functions",
  "description": "Firebase Functions for Project Kisan",
  "engines": {
    "node": "18"
  },
  "scripts": {
    "start": "firebase emulators:start --only functions"
  },
  "dependencies": {
    "cors": "^2.8.5",
    "express": "^4.18.2",
    "firebase-admin": "^13.4.0",
    "firebase-functions": "^4.4.1"
  }
}
[debug] [2025-07-02T10:47:34.469Z] Building nodejs source
[debug] [2025-07-02T10:47:34.470Z] Failed to find version of module node: reached end of search path C:\Users\Shree\OneDrive\ドキュメント\GitHub\project-kisan\functions\node_modules
[warn] !  functions: Your requested "node" version "18" doesn't match your global version "22". Using node@22 from host. 
[info] i  functions: You are using a version of firebase-functions SDK (4.9.0) that does not have support for the newest Firebase Extensions features. Please update firebase-functions SDK to >=5.1.0 to use them correctly 
[debug] [2025-07-02T10:47:34.476Z] Could not find functions.yaml. Must use http discovery
[debug] [2025-07-02T10:47:34.495Z] Found firebase-functions binary at 'C:\Users\Shree\OneDrive\ドキュメント\GitHub\project-kisan\functions\node_modules\.bin\firebase-functions'
[info] Serving at port 8475

[debug] [2025-07-02T10:47:35.652Z] Got response from /__/functions.yaml {"endpoints":{"api":{"platform":"gcfv1","availableMemoryMb":null,"timeoutSeconds":null,"minInstances":null,"maxInstances":null,"ingressSettings":null,"serviceAccountEmail":null,"vpc":null,"httpsTrigger":{},"entryPoint":"api"}},"specVersion":"v1alpha1","requiredAPIs":[]}
[info] +  functions: Loaded functions definitions from source: api. {"metadata":{"emulator":{"name":"functions"},"message":"Loaded functions definitions from source: api."}}
[info] +  functions[us-central1-api]: http function initialized (http://127.0.0.1:5001/your-firebase-project-id/us-central1/api). {"metadata":{"emulator":{"name":"functions"},"message":"\u001b[1mhttp\u001b[22m function initialized (http://127.0.0.1:5001/your-firebase-project-id/us-central1/api)."}}
[debug] [2025-07-02T10:47:39.748Z] Could not find VSCode notification endpoint: FetchError: request to http://localhost:40001/vscode/notify failed, reason: . If you are not running the Firebase Data Connect VSCode extension, this is expected and not an issue.
[info] 
┌─────────────────────────────────────────────────────────────┐
│ ✔  All emulators ready! It is now safe to connect your app. │
│ i  View Emulator UI at http://127.0.0.1:4000/               │
└─────────────────────────────────────────────────────────────┘

┌───────────┬────────────────┬─────────────────────────────────┐
│ Emulator  │ Host:Port      │ View in Emulator UI             │
├───────────┼────────────────┼─────────────────────────────────┤
│ Functions │ 127.0.0.1:5001 │ http://127.0.0.1:4000/functions │
└───────────┴────────────────┴─────────────────────────────────┘
  Emulator Hub host: 127.0.0.1 port: 4400
  Other reserved ports: 4501

Issues? Report them at https://github.com/firebase/firebase-tools/issues and attach the *-debug.log files.
 
